IQ-TREE multicore version 2.1.3 COVID-edition for Windows 64-bit built Apr 21 2021
Developed by Bui Quang Minh, James Barbetti, Nguyen Lam Tung,
Olga Chernomor, Heiko Schmidt, Dominik Schrempf, Michael Woodhams.

Host:    Caro (AVX, 5 GB RAM)
Command: G:\CaRo en Virología\5 Otros\Docencia\3 Otros cursos de posgrado\2022 Virtual Bioinformatic Course LAC\1_LAC_MSA_and_phylogenetics\SARSCoV2\Ready\iqtree2.exe -s .\iqtree2.exe -s .\LAC_SARSCoV2_aln_ready_cut.fasta -m MFP -B 1000 -alrt 1000
Seed:    22997 (Using SPRNG - Scalable Parallel Random Number Generator)
Time:    Wed Jul 06 21:59:36 2022
Kernel:  AVX - 1 threads (4 CPU cores detected)

HINT: Use -nt option to specify number of threads because your CPU has 4 cores!
HINT: -nt AUTO will automatically determine the best number of threads to use.

Reading alignment file .\LAC_SARSCoV2_aln_ready_cut.fasta ... Fasta format detected
Alignment most likely contains DNA/RNA sequences
Alignment has 50 sequences with 29795 columns, 611 distinct patterns
208 parsimony-informative, 163 singleton sites, 29424 constant sites
                                                                                       Gap/Ambiguity  Composition  p-value
   1  A|hCoV-19/Wuhan/WH04/2020|EPI_ISL_406801|2020-01-05                                      0.04%    passed     99.55%
   2  B|hCoV-19/Wuhan/WIV04/2019|EPI_ISL_402124|2019-12-30                                     0.04%    passed     99.55%
   3  A.1|hCoV-19/USA/WA-S50/2020|EPI_ISL_417103|2020-03-05                                    0.04%    passed     99.73%
   4  B.40|hCoV-19/Australia/VIC788/2020|EPI_ISL_427063|2020-03-31                             0.66%    passed     99.66%
   5  B.4|hCoV-19/Wuhan/HBCDC-HB-05/2020|EPI_ISL_412981|2020-01-18                             0.05%    passed     99.54%
   6  B.1|hCoV-19/England/SHEF-CAAD7/2020|EPI_ISL_442365|2020-03-26                            1.93%    passed     99.64%
   7  B.1|hCoV-19/USA/LA-EVTL168/2020|EPI_ISL_574303|2020-05-11                                0.04%    passed     99.79%
   8  B.1.617.2|hCoV-19/England/ALDP-1507FD7/2021|EPI_ISL_1698440|2021-04-15                   0.07%    passed     99.98%
   9  B.1.1.1|hCoV-19/Netherlands/Utrecht_10038/2020|EPI_ISL_454787|2020-03-12                 0.04%    passed     99.89%
  10  B.1.1.7|hCoV-19/England/MILK-9E2FE0/2020|EPI_ISL_581117|2020-09-21                       0.11%    passed     99.95%
  11  B.1.1.7|hCoV-19/England/RAND-125B229/2021|EPI_ISL_1054571|2021-02-06                     0.11%    passed     99.97%
  12  B.1.1.28|hCoV-19/Brazil/SP-136/2020|EPI_ISL_515542|2020-04-20                            0.05%    passed     99.87%
  13  B.1.1.28|hCoV-19/Brazil/SP-HIAE-ID25/2020|EPI_ISL_861890|2020-03-20                      0.04%    passed     99.87%
  14  P.1|hCoV-19/Brazil/PA-IEC-177628/2021|EPI_ISL_1164972|2021-02-02                         0.06%    passed     99.98%
  15  P.1|hCoV-19/Brazil/SC-FIOCRUZ-11193/2021|EPI_ISL_2038941|2021-02-09                      0.70%    passed     99.77%
  16  P.1|hCoV-19/Brazil/SP-IB_100727/2021|EPI_ISL_1966721|2021-04-05                          0.06%    passed     99.92%
  17  P.1|hCoV-19/Brazil/SP-IB_102880/2021|EPI_ISL_2209288|2021-04-26                          0.06%    passed    100.00%
  18  P.1.2|hCoV-19/Brazil/RS-8680/2021|EPI_ISL_983865|2021-02-01                              0.07%    passed     99.98%
  19  P.1.5|hCoV-19/Brazil/AM-FIOCRUZ-21890361HNR/2021|EPI_ISL_2777523|2021-05-02              0.56%    passed     99.79%
  20  P.1.15|hCoV-19/Chile/AR-UFRO-0004/2021|EPI_ISL_4510313|2021-08-07                        1.46%    passed     99.99%
  21  P.1.15|hCoV-19/Peru/TUM-INS-1230/2021|EPI_ISL_3375901|2021-04-05                         4.34%    passed     98.74%
  22  C.37|hCoV-19/Chile/AI-75403/2021|EPI_ISL_1633403|2021-04-05                              1.70%    passed     99.01%
  23  C.37|hCoV-19/Peru/LIM-INS-430/2021|EPI_ISL_1111328|2021-01-17                            0.05%    passed    100.00%
  24  AY.103|hCoV-19/Aruba/AW-RIVM-52692/2021|EPI_ISL_3733740|2021-08-05                       0.09%    passed     99.99%
  25  AY.103|hCoV-19/Chile/ML-137215/2021|EPI_ISL_4005134|2021-08-10                           0.87%    passed     99.98%
  26  AY.1|hCoV-19/Portugal/PT9541/2021|EPI_ISL_2695465|2021-06-13                             0.09%    passed     99.99%
  27  AY.75|hCoV-19/Germany/NW-HHU-7554/2021|EPI_ISL_2638089|2021-05-12                        1.72%    passed     99.84%
  28  AY.75|hCoV-19/USA/AZ-ASU13540/2021|EPI_ISL_4052634|2021-08-30                            1.14%    passed     99.96%
  29  BA.1.15|hCoV-19/Canada/AB-ABPHL-43886/2021|EPI_ISL_7660998|2021-12-02                    0.41%    passed     99.98%
  30  BA.1.15|hCoV-19/USA/WI-UW-7772/2021|EPI_ISL_8065461|2021-12-20                           0.38%    passed     99.99%
  31  BA.1.1|hCoV-19/Brazil/SC-FIOCRUZ-65119/2021|EPI_ISL_8266399|2021-12-14                   0.14%    passed     99.96%
  32  BA.1.1|hCoV-19/Mexico/CMX-INMEGEN-42-15/2021|EPI_ISL_7802991|2021-12-14                  2.12%    passed     98.70%
  33  BA.1|hCoV-19/Botswana/R42B5_BHP_AAC25114/2021|EPI_ISL_6752026|2021-11-11                 3.12%    passed     97.72%
  34  BA.2.3.15|hCoV-19/Austria/LB-R00054-S075/2022|EPI_ISL_9123053|2022-01-07                 1.37%    passed     96.73%
  35  BA.2.3|hCoV-19/England/BRBR-33B4D08/2022|EPI_ISL_9282383|2022-01-21                      0.25%    passed     99.55%
  36  BA.2.6|hCoV-19/France/NOR-76459916/2022|EPI_ISL_11001179|2022-02-22                      4.39%    passed     99.66%
  37  BA.2.9|hCoV-19/Germany/BW-FR3046/2022|EPI_ISL_11030456|2022-02-1BA.2.9|8                 2.28%    passed     94.60%
  38  BA.2.9|hCoV-19/Portugal/PT27223/2022|EPI_ISL_9850741|2022-01-31                          0.98%    passed     97.01%
  39  BA.2|hCoV-19/Canada/ON-PHL-21-41647/2021|EPI_ISL_7259701|2021-11-29                      2.52%    passed     98.88%
  40  BA.2|hCoV-19/South_Africa/NICD-N31753/2022|EPI_ISL_11105102|2022-02-11                   0.43%    passed     99.76%
  41  query|hCoV-19/Argentina/INEI111110/2021|EPI_ISL_6694797|2021-09-15                       0.09%    passed    100.00%
  42  query|hCoV-19/Argentina/INEI119216/2022|EPI_ISL_10080950|2022-02-04                      0.22%    passed     99.81%
  43  query|hCoV-19/Argentina/PAIS-A0800/2021|EPI_ISL_4405037|2021-04-08|CABA                  1.77%    passed     99.09%
  44  query|hCoV-19/Argentina/PAIS-G0789/2021|EPI_ISL_9507690|2021-12-29                       4.23%    passed     96.66%
  45  query|hCoV-19/Argentina/PAIS-J00151/2021|EPI_ISL_8177266|2021-12-12|Chaco|Resistencia    0.32%    passed     99.98%
  46  query|hCoV-19/Brazil/BA-FIOCRUZ-PVM99732/2022|EPI_ISL_12571076|2022-01-09                0.82%    passed     99.90%
  47  query|hCoV-19/Chile/RM-3595/2021|EPI_ISL_1167922|2021-01-04                              0.11%    passed     99.99%
  48  query|hCoV-19/Ecuador/NIC-INSPI-93219/2022|EPI_ISL_13542661|2022-05-30                   2.22%    passed     96.08%
  49  query|hCoV-19/Paraguay/239924/2021|EPI_ISL_13148045|2021-08-26                           0.64%    passed     99.79%
  50  query|hCoV-19/Peru/ANC-INS-6221/2021|EPI_ISL_5495189|2021-04-27                          0.25%    passed     99.94%
****  TOTAL                                                                                    0.90%  0 sequences failed composition chi2 test (p-value<5%; df=3)

Creating fast initial parsimony tree by random order stepwise addition...
0.350 seconds, parsimony score: 409 (based on 371 sites)
Perform fast likelihood tree search using GTR+I+G model...
Estimate model parameters (epsilon = 5.000)
Perform nearest neighbor interchange...
Estimate model parameters (epsilon = 1.000)
1. Initial log-likelihood: -44344.008
Optimal log-likelihood: -44343.961
Rate parameters:  A-C: 0.46890  A-G: 1.38406  A-T: 0.20044  C-G: 0.30577  C-T: 3.14477  G-T: 1.00000
Base frequencies:  A: 0.299  C: 0.183  G: 0.196  T: 0.322
Proportion of invariable sites: 0.494
Gamma shape alpha: 0.020
Parameters optimization took 1 rounds (0.131 sec)
Time for fast ML tree search: 1.479 seconds

NOTE: ModelFinder requires 12 MB RAM!
ModelFinder will test up to 286 DNA models (sample size: 29795) ...
 No. Model         -LnL         df  AIC          AICc         BIC
  1  GTR+F         44398.667    105 89007.334    89008.084    89879.054
  2  GTR+F+I       44341.330    106 88894.659    88895.423    89774.681
  3  GTR+F+G4      44357.136    106 88926.272    88927.036    89806.294
  4  GTR+F+I+G4    44343.940    107 88901.880    88902.659    89790.204
  5  GTR+F+R2      44383.778    107 88981.555    88982.334    89869.879
  6  GTR+F+R3      44358.900    109 88935.799    88936.607    89840.728
  7  GTR+F+R4      44341.872    111 88905.744    88906.582    89827.277
  8  GTR+F+R5      44340.724    113 88907.449    88908.317    89845.585
 15  SYM+I         45271.624    103 90749.249    90749.970    91604.364
 28  TVM+F+I       44360.972    105 88931.944    88932.694    89803.664
 41  TVMe+I        45292.028    102 90788.056    90788.764    91634.870
 54  TIM3+F+I      44365.848    104 88939.697    88940.433    89803.115
 67  TIM3e+I       45290.221    101 90782.442    90783.136    91620.954
 80  TIM2+F+I      44354.818    104 88917.635    88918.371    89781.053
 93  TIM2e+I       45289.701    101 90781.402    90782.096    91619.914
106  TIM+F+I       44348.796    104 88905.593    88906.328    89769.011
119  TIMe+I        45280.916    101 90763.832    90764.526    91602.343
132  TPM3u+F+I     44385.647    103 88977.293    88978.015    89832.409
145  TPM3+F+I      44385.647    103 88977.293    88978.015    89832.409
158  TPM2u+F+I     44374.575    103 88955.150    88955.872    89810.266
171  TPM2+F+I      44374.575    103 88955.150    88955.872    89810.266
184  K3Pu+F+I      44368.766    103 88943.532    88944.254    89798.648
197  K3P+I         45301.098    100 90802.197    90802.877    91632.406
210  TN+F+I        44367.256    103 88940.513    88941.234    89795.628
223  TNe+I         45296.525    100 90793.049    90793.729    91623.259
236  HKY+F+I       44387.177    102 88978.355    88979.062    89825.168
249  K2P+I         45316.704    99  90831.408    90832.075    91653.316
262  F81+F+I       44503.095    101 89208.190    89208.884    90046.702
275  JC+I          45426.481    98  91048.962    91049.615    91862.567
Akaike Information Criterion:           GTR+F+I
Corrected Akaike Information Criterion: GTR+F+I
Bayesian Information Criterion:         TIM+F+I
Best-fit model: TIM+F+I chosen according to BIC

All model information printed to .\LAC_SARSCoV2_aln_ready_cut.fasta.model.gz
CPU time for ModelFinder: 48.203 seconds (0h:0m:48s)
Wall-clock time for ModelFinder: 50.881 seconds (0h:0m:50s)
Generating 1000 samples for ultrafast bootstrap (seed: 22997)...

NOTE: 3 MB RAM (0 GB) is required!
Estimate model parameters (epsilon = 0.100)
1. Initial log-likelihood: -44348.796
Optimal log-likelihood: -44348.795
Rate parameters:  A-C: 1.00000  A-G: 1.89741  A-T: 0.31616  C-G: 0.31616  C-T: 4.31260  G-T: 1.00000
Base frequencies:  A: 0.299  C: 0.183  G: 0.196  T: 0.322
Proportion of invariable sites: 0.912
Parameters optimization took 1 rounds (0.051 sec)
Computing ML distances based on estimated model parameters...
Computing ML distances took 0.124440 sec (of wall-clock time) 0.015625 sec(of CPU time)
Computing RapidNJ tree took 0.000529 sec (of wall-clock time) 0.000000 sec (of CPU time)
Log-likelihood of RapidNJ tree: -44386.528
--------------------------------------------------------------------
|             INITIALIZING CANDIDATE TREE SET                      |
--------------------------------------------------------------------
Generating 98 parsimony trees... 0.653 second
Computing log-likelihood of 98 initial trees ... 0.625 seconds
Current best score: -44348.795

Do NNI search on 20 best initial trees
Estimate model parameters (epsilon = 0.100)
BETTER TREE FOUND at iteration 1: -44348.794
Iteration 10 / LogL: -44349.010 / Time: 0h:0m:3s
Iteration 20 / LogL: -44348.943 / Time: 0h:0m:6s
Finish initializing candidate tree set (7)
Current best tree score: -44348.794 / CPU time: 6.391
Number of iterations: 20
--------------------------------------------------------------------
|               OPTIMIZING CANDIDATE TREE SET                      |
--------------------------------------------------------------------
Iteration 30 / LogL: -44348.938 / Time: 0h:0m:8s (0h:0m:20s left)
Iteration 40 / LogL: -44348.929 / Time: 0h:0m:11s (0h:0m:18s left)
Iteration 50 / LogL: -44349.179 / Time: 0h:0m:13s (0h:0m:13s left)
Log-likelihood cutoff on original alignment: -44389.429
Iteration 60 / LogL: -44348.880 / Time: 0h:0m:14s (0h:0m:10s left)
Iteration 70 / LogL: -44349.191 / Time: 0h:0m:18s (0h:0m:8s left)
Iteration 80 / LogL: -44349.174 / Time: 0h:0m:20s (0h:0m:5s left)
Iteration 90 / LogL: -44348.950 / Time: 0h:0m:21s (0h:0m:2s left)
Iteration 100 / LogL: -44349.139 / Time: 0h:0m:25s (0h:0m:0s left)
Log-likelihood cutoff on original alignment: -44387.751
NOTE: Bootstrap correlation coefficient of split occurrence frequencies: 0.995
TREE SEARCH COMPLETED AFTER 102 ITERATIONS / Time: 0h:0m:25s

--------------------------------------------------------------------
|                    FINALIZING TREE SEARCH                        |
--------------------------------------------------------------------
Performs final model parameters optimization
Estimate model parameters (epsilon = 0.010)
1. Initial log-likelihood: -44348.794
Optimal log-likelihood: -44348.792
Rate parameters:  A-C: 1.00000  A-G: 1.89183  A-T: 0.31561  C-G: 0.31561  C-T: 4.30866  G-T: 1.00000
Base frequencies:  A: 0.299  C: 0.183  G: 0.196  T: 0.322
Proportion of invariable sites: 0.912
Parameters optimization took 1 rounds (0.047 sec)
BEST SCORE FOUND : -44348.792

Testing tree branches by SH-like aLRT with 1000 replicates...
6.155 sec.
Creating bootstrap support values...
Split supports printed to NEXUS file .\LAC_SARSCoV2_aln_ready_cut.fasta.splits.nex
Total tree length: 0.014

Total number of iterations: 102
CPU time used for tree search: 25.297 sec (0h:0m:25s)
Wall-clock time used for tree search: 25.364 sec (0h:0m:25s)
Total CPU time used: 31.891 sec (0h:0m:31s)
Total wall-clock time used: 32.370 sec (0h:0m:32s)

Computing bootstrap consensus tree...
Reading input file .\LAC_SARSCoV2_aln_ready_cut.fasta.splits.nex...
50 taxa and 290 splits.
Consensus tree written to .\LAC_SARSCoV2_aln_ready_cut.fasta.contree
Reading input trees file .\LAC_SARSCoV2_aln_ready_cut.fasta.contree
Log-likelihood of consensus tree: -44349.255

Analysis results written to: 
  IQ-TREE report:                .\LAC_SARSCoV2_aln_ready_cut.fasta.iqtree
  Maximum-likelihood tree:       .\LAC_SARSCoV2_aln_ready_cut.fasta.treefile
  Likelihood distances:          .\LAC_SARSCoV2_aln_ready_cut.fasta.mldist

Ultrafast bootstrap approximation results written to:
  Split support values:          .\LAC_SARSCoV2_aln_ready_cut.fasta.splits.nex
  Consensus tree:                .\LAC_SARSCoV2_aln_ready_cut.fasta.contree
  Screen log file:               .\LAC_SARSCoV2_aln_ready_cut.fasta.log

Date and Time: Wed Jul 06 22:01:01 2022
